[ERR!] cwd  : C:\nodejsProject
[ERR!] os   : Windows_NT 10.0.17763
[ERR!] argv : "C:\\Program Files\\nodejs\\node.exe" "C:\\Users\\Administrator\\AppData\\Roaming\\npm\\node_modules\\tsd\\build\\cli.js" "query" "node" "express" "--action" "install"
[ERR!] node : v14.17.6
[ERR!] tsd  : 0.6.5
[ERR!] Error: primordials is not defined
[ERR!] CODE : undefined
[ERR!] primordials is not defined
[ERR!] If you need help, you may report this error at:
    https://github.com/DefinitelyTyped/tsd/issues

[ERR!] 
ReferenceError: primordials is not defined
    at fs.js:45:5
    at req_ (C:\Users\Administrator\AppData\Roaming\npm\node_modules\tsd\node_modules\natives\index.js:143:24)
    at Object.req [as require] (C:\Users\Administrator\AppData\Roaming\npm\node_modules\tsd\node_modules\natives\index.js:55:10)
    at Object.<anonymous> (C:\Users\Administrator\AppData\Roaming\npm\node_modules\tsd\node_modules\graceful-fs\fs.js:1:37)
    at Module._compile (internal/modules/cjs/loader.js:1072:14)
    at Object.Module._extensions..js (internal/modules/cjs/loader.js:1101:10)
    at Module.load (internal/modules/cjs/loader.js:937:32)
    at Function.Module._load (internal/modules/cjs/loader.js:778:12)
    at Module.require (internal/modules/cjs/loader.js:961:19)
    at require (internal/modules/cjs/helpers.js:92:18)

[ERR!] tsd.json could not be retrieved

[ERR!] .tsdrc could not be retrieved

[ERR!] Please include the following file with any support request:
    C:\nodejsProject\tsd-debug.log

